0.0 0
0.0905768 340
0.0905768 340
0.18279 680
0.276537 1020
0.370283 1360
0.462454 1700
0.465606 2040
0.5562 2380
0.559352 2720
0.562504 3060
0.649946 3400
0.653098 3740
0.65625 4080
0.659402 4420
0.742117 4760
0.745269 5100
0.748421 5440
0.751573 5780
0.754725 6120
0.757877 6460
0.834287 6800
0.837439 7140
0.840591 7480
0.843743 7820
0.846895 8160
0.850047 8500
0.853199 8840
0.856351 9180
0.859503 9520
0.926458 9860
0.92961 10200
0.932762 10540
0.935914 10880
0.939066 11220
0.942218 11560
0.94537 11900
0.948522 12240
0.951674 12580
0.954826 12920
0.957978 13260
0.96113 13600
0.964282 13940
0.967434 14280
1.0202 14620
1.02336 14960
1.02651 15300
1.02966 15640
1.03281 15980
1.03596 16320
1.03912 16660
1.04227 17000
1.04542 17340
1.04857 17680
1.05172 18020
1.05488 18360
1.05803 18700
1.06118 19040
1.06433 19380
1.06748 19720
1.07064 20060
1.07379 20400
1.07694 20740
1.08009 21080
1.08324 21420
1.11395 21760
1.1171 22100
1.12025 22440
1.12341 22780
1.12656 23120
1.12971 23460
1.13286 23800
1.13601 24140
1.13917 24480
1.14232 24820
1.14547 25160
1.14862 25500
1.15177 25840
1.15493 26180
1.15808 26520
1.16123 26860
1.16438 27200
1.16753 27540
1.17069 27880
1.17384 28220
1.17699 28560
1.18014 28900
1.18329 29240
1.18645 29580
1.1896 29920
1.19275 30260
1.1959 30600
1.19905 30940
1.20221 31280
1.20536 31620
1.20851 31960
1.21166 32300
1.21481 32640
1.21797 32980
1.22112 33320
1.22427 33660
1.22742 34000
1.23057 34340
1.23373 34680
1.23688 35020
1.24003 35360
1.24318 35700
1.24633 36040
1.24949 36380
1.25264 36720
1.25579 37060
1.25894 37400
1.26209 37740
1.26525 38080
1.2684 38420
1.27155 38760
1.2747 39100
1.27785 39440
1.28101 39780
1.28416 40120
1.28731 40460
1.29046 40800
1.29361 41140
1.29677 41480
1.29992 41820
1.30307 42160
1.30622 42500
1.30937 42840
1.31253 43180
1.31568 43520
1.31883 43860
1.32198 44200
1.32513 44540
1.32829 44880
1.33144 45220
1.33459 45560
1.33774 45900
1.34089 46240
1.34405 46580
1.3472 46920
1.35035 47260
1.3535 47600
1.35665 47940
1.35981 48280
1.36296 48620
1.36611 48960
1.36926 49300
1.37241 49640
1.37557 49980
1.37872 50320
1.38187 50660
1.38502 51000
1.38817 51340
1.39133 51680
1.39448 52020
1.39763 52360
1.40078 52700
1.40393 53040
1.40709 53380
1.41024 53720
1.41339 54060
1.41654 54400
1.41969 54740
1.42285 55080
1.426 55420
1.42915 55760
1.4323 56100
1.43545 56440
1.43861 56780
1.44176 57120
1.44491 57460
1.44806 57800
1.45121 58140
1.45437 58480
1.45752 58820
1.46067 59160
1.46382 59500
1.46697 59840
1.47013 60180
1.47328 60520
1.47643 60860
1.47958 61200
1.48273 61540
1.48589 61880
1.48904 62220
1.49219 62560
1.49534 62900
1.49849 63240
1.50165 63580
1.5048 63920
1.50795 64260
1.5111 64600
1.51425 64940
1.51741 65280
1.52056 65620
1.52371 65960
1.52686 66300
1.53001 66640
1.53317 66980
1.53632 67320
1.53947 67660
1.54262 68000
1.54577 68340
1.54893 68680
1.55208 69020
1.55523 69360
1.55838 69700
1.56153 70040
1.56469 70380
1.56784 70720
1.57099 71060
1.57414 71400
1.57729 71740
1.58045 72080
1.5836 72420
1.58675 72760
1.5899 73100
1.59305 73440
1.59621 73780
1.59936 74120
1.60251 74460
1.60566 74800
1.60881 75140
1.61197 75480
1.61512 75820
1.61827 76160
1.62142 76500
1.62457 76840
1.62773 77180
1.63088 77520
1.63403 77860
1.63718 78200
1.64033 78540
1.64349 78880
1.64664 79220
1.64979 79560
1.65294 79900
1.65609 80240
1.65925 80580
1.6624 80920
1.66555 81260
1.6687 81600
1.67185 81940
1.67501 82280
1.67816 82620
1.68131 82960
1.68446 83300
1.68761 83640
1.69077 83980
1.69392 84320
1.69707 84660
1.70022 85000
1.70337 85340
1.70653 85680
1.70968 86020
1.71283 86360
1.71598 86700
1.71913 87040
1.72229 87380
1.72544 87720
1.72859 88060
1.73174 88400
1.73489 88740
1.73805 89080
1.7412 89420
1.74435 89760
1.7475 90100
1.75065 90440
1.75381 90780
1.75696 91120
1.76011 91460
1.76326 91800
1.76641 92140
1.76957 92480
1.77272 92820
1.77587 93160
1.77902 93500
1.78217 93840
1.78533 94180
1.78848 94520
1.79163 94860
1.79478 95200
1.79793 95540
1.80109 95880
1.80424 96220
1.80739 96560
1.81054 96900
1.81369 97240
1.81685 97580
1.82 97920
1.82315 98260
1.8263 98600
1.82945 98940
1.83261 99280
1.83576 99620
1.83891 99960
1.84206 100300
1.84521 100640
1.84837 100980
1.85152 101320
1.85467 101660
1.85782 102000
1.86097 102340
1.86413 102680
1.86728 103020
1.87043 103360
1.87358 103700
1.87673 104040
1.87989 104380
1.88304 104720
1.88619 105060
1.88934 105400
1.89249 105740
1.89565 106080
1.8988 106420
1.90195 106760
1.9051 107100
1.90825 107440
1.91141 107780
1.91456 108120
1.91771 108460
1.92086 108800
1.92401 109140
1.92717 109480
1.93189 109480
1.93189 55590
1.93347 55930
1.93505 56270
1.93662 56610
1.9382 56950
1.93977 57290
1.94135 57630
1.94293 57970
1.9445 58310
1.94608 58650
1.94765 58990
1.94923 59330
1.95081 59670
1.95238 60010
1.95396 60350
1.95553 60690
1.95711 61030
1.95869 61370
1.96026 61710
1.96184 62050
1.96341 62390
1.96499 62730
1.96657 63070
1.96814 63410
1.96972 63750
1.97129 64090
1.97287 64430
1.97445 64770
1.97602 65110
1.9776 65450
1.97917 65790
1.98075 66130
1.98233 66470
1.9839 66810
1.98548 67150
1.98705 67490
1.98863 67830
1.99021 68170
1.99178 68510
1.99336 68850
1.99493 69190
1.99651 69530
1.99809 69870
1.99966 70210
2.00124 70550
2.00281 70890
2.00439 71230
2.00597 71570
2.00754 71910
2.00912 72250
2.01069 72590
2.01227 72930
2.01385 73270
2.01542 73610
2.017 73950
2.01857 74290
2.02015 74630
2.02173 74970
2.0233 75310
2.02488 75650
2.02645 75990
2.02803 76330
2.02961 76670
2.03118 77010
2.03276 77350
2.03433 77690
2.03591 78030
2.03749 78370
2.03906 78710
2.04064 79050
2.04221 79390
2.04379 79730
2.04537 80070
2.04694 80410
2.04852 80750
2.05009 81090
2.05167 81430
2.05325 81770
2.05482 82110
2.0564 82450
2.05797 82790
2.05955 83130
2.06113 83470
2.0627 83810
2.06428 84150
2.06585 84490
2.06743 84830
2.06901 85170
2.07058 85510
2.07216 85850
2.07373 86190
2.07531 86530
2.07689 86870
2.07846 87210
2.08004 87550
2.08161 87890
2.08319 88230
2.08477 88570
2.08634 88910
2.08792 89250
2.08949 89590
2.09107 89930
2.09265 90270
2.09422 90610
2.0958 90950
2.09737 91290
2.09895 91630
2.10053 91970
2.1021 92310
2.10368 92650
2.10525 92990
2.10683 93330
2.10841 93670
2.10998 94010
2.11156 94350
2.11313 94690
2.11471 95030
2.11629 95370
2.11786 95710
2.11944 96050
2.12101 96390
2.12259 96730
2.12417 97070
2.12574 97410
2.12732 97750
2.12889 98090
2.13047 98430
2.13205 98770
2.13362 99110
2.1352 99450
2.13677 99790
2.13835 100130
2.13993 100470
2.1415 100810
2.14308 101150
2.14465 101490
2.14623 101830
2.14781 102170
2.14938 102510
2.15096 102850
2.15253 103190
2.15411 103530
2.15569 103870
2.15726 104210
2.15884 104550
2.16041 104890
2.16199 105230
2.16357 105570
2.16514 105910
2.16672 106250
2.16829 106590
2.16987 106930
2.17145 107270
2.17302 107610
2.1746 107950
2.17617 108290
2.17775 108630
2.17933 108970
2.1809 109310
2.18248 109650
2.18405 109990
2.18563 110330
2.18721 110670
2.18878 111010
2.19036 111350
2.19193 111690
2.19351 112030
2.19509 112370
2.19666 112710
2.19824 113050
2.19981 113390
2.20139 113730
2.20297 114070
2.20454 114410
2.20612 114750
2.20769 115090
2.20927 115430
2.21085 115770
2.21242 116110
2.214 116450
2.21557 116790
2.21715 117130
2.21873 117470
2.2203 117810
2.22188 118150
2.22345 118490
2.22503 118830
2.22661 119170
2.22818 119510
2.22976 119850
2.23133 120190
2.23291 120530
2.23449 120870
2.23606 121210
2.23764 121550
2.23921 121890
2.24079 122230
2.24237 122570
2.24394 122910
2.24552 123250
2.24709 123590
2.24867 123930
2.25025 124270
2.25182 124610
2.2534 124950
2.25497 125290
2.25655 125630
2.25813 125970
2.2597 126310
2.26128 126650
2.26285 126990
2.26443 127330
2.26601 127670
2.26758 128010
2.26916 126990
2.26916 127330
2.27938 127670
2.28095 128010
2.28253 128350
2.2841 128690
2.28568 129030
2.28726 129370
2.28883 129710
2.29041 130050
2.29198 130390
2.29356 130730
2.29514 131070
2.29671 131410
2.29829 131750
2.29986 132090
2.30144 132430
2.30302 132770
2.30459 133110
2.30617 133450
2.30774 133790
2.30932 134130
2.3109 134470
2.31247 134810
2.31405 135150
2.31562 135490
2.3172 135830
2.31878 136170
2.32035 136510
2.32193 136850
2.3235 137190
2.32508 137530
2.32666 137870
2.32823 138210
2.32981 138550
2.33138 138890
2.33296 139230
2.33454 139570
2.33611 139910
2.33769 140250
2.33926 140590
2.34084 140930
2.34242 141270
2.34399 141610
2.34557 141950
2.34714 142290
2.34872 142630
2.3503 142970
2.35187 143310
2.35345 143650
2.35502 143990
2.3566 144330
2.35818 144670
2.35975 145010
2.36133 143990
2.36133 144330
2.3629 144670
2.37155 145010
2.37312 145350
2.3747 145690
2.37627 146030
2.37785 146370
2.37943 146710
2.381 147050
2.38258 147390
2.38415 147730
2.38573 148070
2.38731 148410
2.38888 148750
2.39046 149090
2.39203 149430
2.39361 149770
2.39519 150110
2.39676 150450
2.39834 150790
2.39991 151130
2.40149 151470
2.40307 151810
2.40464 152150
2.40622 152490
2.40779 152830
2.40937 153170
2.41095 153510
2.41252 153850
2.4141 154190
2.41567 154530
2.41725 154870
2.41883 155210
2.4204 155550
2.42198 155890
2.42355 156230
2.42513 156570
2.42671 156910
2.42828 157250
2.42986 157590
2.43143 157930
2.43301 158270
2.43459 158610
2.43616 158950
2.43774 159290
2.43931 159630
2.44089 159970
2.44247 160310
2.44404 160650
2.44562 160990
2.44719 161330
2.44877 161670
2.45035 162010
2.45192 162350
2.4535 161330
2.4535 161670
2.45507 162010
2.45665 162350
2.46372 162690
2.46529 163030
2.46687 163370
2.46844 163710
2.47002 164050
2.4716 164390
2.47317 164730
2.47475 165070
2.47632 165410
2.4779 165750
2.47948 166090
2.48105 166430
2.48263 166770
2.4842 167110
2.48578 167450
2.48736 167790
2.48893 168130
2.49051 168470
2.49208 168810
2.49366 169150
2.49524 169490
2.49681 169830
2.49839 170170
2.49996 170510
2.50154 170850
2.50312 171190
2.50469 171530
2.50627 171870
2.50784 172210
2.50942 172550
2.511 172890
2.51257 173230
2.51415 173570
2.51572 173910
2.5173 174250
2.51888 174590
2.52045 174930
2.52203 175270
2.5236 175610
2.52518 175950
2.52676 176290
2.52833 176630
2.52991 176970
2.53148 177310
2.53306 177650
2.53464 177990
2.53621 178330
2.53779 178670
2.53936 179010
2.54094 179350
2.54252 179690
2.54409 180030
2.54567 179010
2.54567 179350
2.54724 179690
2.54882 180030
2.5504 180370
2.55589 180710
2.55746 181050
2.55904 181390
2.56062 181730
2.56219 182070
2.56377 182410
2.56534 182750
2.56692 183090
2.5685 183430
2.57007 183770
2.57165 184110
2.57322 184450
2.5748 184790
2.57638 185130
2.57795 185470
2.57953 185810
2.5811 186150
2.58268 186490
2.58426 186830
2.58583 187170
2.58741 187510
2.58898 187850
2.59056 188190
2.59214 188530
2.59371 188870
2.59529 189210
2.59686 189550
2.59844 189890
2.60002 190230
2.60159 190570
2.60317 190910
2.60474 191250
2.60632 191590
2.6079 191930
2.60947 192270
2.61105 192610
2.61262 192950
2.6142 193290
2.61578 193630
2.61735 193970
2.61893 194310
2.6205 194650
2.62208 194990
2.62366 195330
2.62523 195670
2.62681 196010
2.62838 196350
2.62996 196690
2.63154 197030
2.63311 197370
2.63469 197710
2.63626 198050
2.63784 197030
2.63784 197370
2.63942 197710
2.64099 198050
2.64257 198390
2.64414 198730
2.64806 199070
2.64963 199410
2.65121 199750
2.65279 200090
2.65436 200430
2.65594 200770
2.65751 201110
2.65909 201450
2.66067 201790
2.66224 202130
2.66382 202470
2.66539 202810
2.66697 203150
2.66855 203490
2.67012 203830
2.6717 204170
2.67327 204510
2.67485 204850
2.67643 205190
2.678 205530
2.67958 205870
2.68115 206210
2.68273 206550
2.68431 206890
2.68588 207230
2.68746 207570
2.68903 207910
2.69061 208250
2.69219 208590
2.69376 208930
2.69534 209270
2.69691 209610
2.69849 209950
2.70007 210290
2.70164 210630
2.70322 210970
2.70479 211310
2.70637 211650
2.70795 211990
2.70952 212330
2.7111 212670
2.71267 213010
2.71425 213350
2.71583 213690
2.7174 214030
2.71898 214370
2.72055 214710
2.72213 215050
2.72371 215390
2.72528 215730
2.72686 216070
2.72843 216410
2.73001 215390
2.73001 215730
2.73159 216070
2.73316 216410
2.73474 216750
2.73631 217090
2.73789 217430
2.74023 217770
2.7418 218110
2.74338 218450
2.74496 218790
2.74653 219130
2.74811 219470
2.74968 219810
2.75126 220150
2.75284 220490
2.75441 220830
2.75599 221170
2.75756 221510
2.75914 221850
2.76072 222190
2.76229 222530
2.76387 222870
2.76544 223210
2.76702 223550
2.7686 223890
2.77017 224230
2.77175 224570
2.77332 224910
2.7749 225250
2.77648 225590
2.77805 225930
2.77963 226270
2.7812 226610
2.78278 226950
2.78436 227290
2.78593 227630
2.78751 227970
2.78908 228310
2.79066 228650
2.79224 228990
2.79381 229330
2.79539 229670
2.79696 230010
2.79854 230350
2.80012 230690
2.80169 231030
2.80327 231370
2.80484 231710
2.80642 232050
2.808 232390
2.80957 232730
2.81115 233070
2.81272 233410
2.8143 233750
2.81588 234090
2.81745 234430
2.81903 234770
2.8206 235110
2.82218 234090
2.82218 234430
2.82376 234770
2.82533 235110
2.82691 235450
2.82848 235790
2.83006 236130
2.83164 236470
2.83321 236810
2.83479 237150
2.83636 237490
2.83794 237830
2.83952 238170
2.84109 238510
2.84267 238850
2.84424 239190
2.84582 239530
2.8474 239870
2.84897 240210
2.85055 240550
2.85212 240890
2.8537 241230
2.85528 241570
2.85685 241910
2.85843 242250
2.86 242590
2.86158 242930
2.86316 243270
2.86473 243610
2.86631 243950
2.86788 244290
2.86946 244630
2.87104 244970
2.87261 245310
2.87419 245650
2.87576 245990
2.87734 246330
2.87892 246670
2.88049 247010
2.88207 247350
2.88364 247690
2.88522 248030
2.8868 248370
2.88837 248710
2.88995 249050
2.89152 249390
2.8931 249730
2.89468 250070
2.89625 250410
2.89783 250750
2.8994 251090
2.90098 251430
2.90256 251770
2.90413 252110
2.90571 252450
2.90728 252790
2.90886 253130
2.91044 253470
2.91201 253810
2.91359 254150
2.91516 253130
2.91516 253470
2.91674 253810
2.91832 254150
2.91989 254490
2.92147 254830
2.92304 255170
2.92462 255510
2.9262 255850
2.92777 256190
2.92935 256530
2.93092 256870
2.9325 257210
2.93408 257550
2.93565 257890
2.93723 258230
2.9388 258570
2.94038 258910
2.94196 259250
2.94353 259590
2.94511 259930
2.94668 260270
2.94826 260610
2.94984 260950
2.95141 261290
2.95299 261630
2.95456 261970
2.95614 262310
2.95772 262650
2.95929 262990
2.96087 263330
2.96244 263670
2.96402 264010
2.9656 264350
2.96717 264690
2.96875 265030
2.97032 265370
2.9719 265710
2.97348 266050
2.97505 266390
2.97663 266730
2.9782 267070
2.97978 267410
2.98136 267750
2.98293 268090
2.98451 268430
2.98608 268770
2.98766 269110
2.98924 269450
2.99081 269790
2.99239 270130
2.99396 270470
2.99554 270810
2.99712 271150
2.99869 271490
3.00027 271830
3.00184 272170
3.00342 272510
3.005 272850
3.00657 273190
3.00815 273530
3.00972 272510
3.00972 272850
3.0113 273190
3.01288 273530
3.01445 273870
3.01603 274210
3.0176 274550
3.01918 274890
3.02076 275230
3.02233 275570
3.02391 275910
3.02548 276250
3.02706 276590
3.02864 276930
3.03021 277270
3.03179 277610
3.03336 277950
3.03494 278290
3.03652 278630
3.03809 278970
3.03967 279310
3.04124 279650
3.04282 279990
3.0444 280330
3.04597 280670
3.04755 281010
3.04912 281350
3.0507 281690
3.05228 282030
3.05385 282370
3.05543 282710
3.057 283050
3.05858 283390
3.06016 283730
3.06173 284070
3.06331 284410
3.06488 284750
3.06646 285090
3.06804 285430
3.06961 285770
3.07119 286110
3.07276 286450
3.07434 286790
3.07592 287130
3.07749 287470
3.07907 287810
3.08064 288150
3.08222 288490
3.0838 288830
3.08537 289170
3.08695 289510
3.08852 289850
3.0901 290190
3.09168 290530
3.09325 290870
3.09483 291210
3.0964 291550
3.09798 291890
3.09956 292230
3.10113 292570
3.10271 292910
3.10428 293250
3.10586 292230
3.10586 292570
3.10744 292910
3.10901 293250
3.11059 293590
3.11216 293930
3.11374 294270
3.11532 294610
3.11689 294950
3.11847 295290
3.12004 295630
3.12162 295970
3.1232 296310
3.12477 296650
3.12635 296990
3.12792 297330
3.1295 297670
3.13108 298010
3.13265 298350
3.13423 298690
3.1358 299030
3.13738 299370
3.13896 299710
3.14053 300050
3.14211 300390
3.14368 300730
3.14526 301070
3.14684 301410
3.14841 301750
3.14999 302090
3.15156 302430
3.15314 302770
3.15472 303110
3.15629 303450
3.15787 303790
3.15944 304130
3.16102 304470
3.1626 304810
3.16417 305150
3.16575 305490
3.16732 305830
3.1689 306170
3.17048 306510
3.17205 306850
3.17363 307190
3.1752 307530
3.17678 307870
3.17836 308210
3.17993 308550
3.18151 308890
3.18308 309230
3.18466 309570
3.18624 309910
3.18781 310250
3.18939 310590
3.19096 310930
3.19254 311270
3.19412 311610
3.19569 311950
3.19727 312290
3.19884 312630
3.20042 312970
3.202 313310
3.20357 312290
3.20357 312630
3.20515 312970
3.20672 313310
3.2083 313650
3.20988 313990
3.21145 314330
3.21303 314670
3.2146 315010
3.21618 315350
3.21776 315690
3.21933 316030
3.22091 316370
3.22248 316710
3.22406 317050
3.22564 317390
3.22721 317730
3.22879 318070
3.23036 318410
3.23194 318750
3.23352 319090
3.23509 319430
3.23667 319770
3.23824 320110
3.23982 320450
3.2414 320790
3.24297 321130
3.24455 321470
3.24612 321810
3.2477 322150
3.24928 322490
3.25085 322830
3.25243 323170
3.254 323510
3.25558 323850
3.25716 324190
3.25873 324530
3.26031 324870
3.26188 325210
3.26346 325550
3.26504 325890
3.26661 326230
3.26819 326570
3.26916 326570
3.26916 340
3.30286 680
4.30286 680
4.30286 340
4.39503 680
4.39503 850
5.39503 340
5.4872 680
5.4872 850
6.4872 340
6.57937 680
6.57937 850
7.57937 340
7.67154 680
7.67154 850
8.67154 340
8.76371 680
8.76371 850
9.76371 340
9.85588 680
9.85588 850
10.8559 340
10.9481 680
10.9481 850
11.9481 340
12.0402 680
12.0402 850
13.0402 340
13.1324 680
13.1324 850
14.1324 340
14.2246 680
14.2246 850
15.2246 340
15.3167 680
15.3167 850
16.3167 340
16.4089 680
16.4089 850
17.4089 340
17.5011 680
17.5011 850
18.5011 340
18.5932 680
18.5932 850
19.5932 340
19.6854 680
19.6854 850
20.6854 340
20.7776 680
20.7776 850
21.7776 340
21.8698 680
21.8698 850
22.8698 340
22.9619 680
22.9619 850
23.9619 340
24.0541 680
24.0541 850
25.0541 340
25.1463 680
25.1463 850
26.1463 340
26.2384 680
26.2384 850
27.2384 340
27.3306 680
27.3306 850
28.3306 340
28.4228 680
28.4228 850
29.4228 340
29.5149 680
29.5149 850
30.5149 340
30.6071 680
30.6071 850
31.6071 340
31.6993 680
31.6993 850
32.6993 340
32.7915 680
32.7915 850
33.7915 340
33.8836 680
33.8836 850
34.8836 340
34.9758 680
34.9758 850
35.9758 340
36.068 680
36.068 850
37.068 340
37.1601 680
37.1601 850
38.1601 340
38.2523 680
38.2523 850
39.2523 340
39.3445 680
39.3445 850
40.3445 340
40.4367 680
40.4367 850
41.4367 340
41.5288 680
41.5288 850
42.5288 340
42.621 680
42.621 850
43.621 340
43.7132 680
43.7132 850
44.7132 340
44.8053 680
44.8053 850
45.8053 340
45.8975 680
45.8975 850
46.8975 340
46.9897 680
46.9897 850
47.9897 340
48.0818 680
48.0818 850
49.0818 340
49.174 680
49.174 850
50.174 340
50.2662 680
50.2662 850
51.2662 340
51.3584 680
51.3584 850
52.3584 340
52.4505 680
52.4505 850
53.4505 340
53.5427 680
53.5427 850
54.5427 340
54.6349 680
54.6349 850
55.6349 340
55.727 680
55.727 850
56.727 340
56.8192 680
56.8192 850
57.8192 340
57.9114 680
57.9114 850
58.9114 340
59.0036 680
59.0036 850
60.0036 340
60.0957 680
60.0957 850
61.0957 340
61.1879 680
61.1879 850
62.1879 340
62.2801 680
62.2801 850
63.2801 340
63.3722 680
63.3722 850
64.3722 340
64.4644 680
64.4644 850
65.4644 340
65.5566 680
65.5566 850
66.5566 340
66.6487 680
66.6487 850
67.6487 340
67.7409 680
67.7409 850
68.7409 340
68.8331 680
68.8331 850
69.8331 340
69.9253 680
69.9253 850
70.9253 340
71.0174 680
71.0174 850
72.0174 340
72.1096 680
72.1096 850
73.1096 340
73.2018 680
73.2018 850
74.2018 340
74.2939 680
74.2939 850
75.2939 340
75.3861 680
75.3861 850
76.3861 340
76.4783 680
76.4783 850
77.4783 340
77.5704 680
77.5704 850
78.5704 340
78.6626 680
78.6626 850
79.6626 340
79.7548 680
79.7548 850
80.7548 340
80.847 680
80.847 850
81.847 340
81.9391 680
81.9391 850
82.9391 340
83.0313 680
83.0313 850
84.0313 340
84.1235 680
84.1235 850
85.1235 340
85.2156 680
85.2156 850
86.2156 340
86.3078 680
86.3078 850
87.3078 340
87.4 680
87.4 850
88.4 340
88.4922 680
88.4922 850
89.4922 340
89.5843 680
89.5843 850
90.5843 340
90.6765 680
90.6765 850
91.6765 340
91.7687 680
91.7687 850
92.7687 340
92.8608 680
92.8608 850
93.8608 340
93.953 680
93.953 850
94.953 340
95.0452 680
95.0452 850
96.0452 340
96.1373 680
96.1373 850
97.1373 340
97.2295 680
97.2295 850
98.2295 340
98.3217 680
98.3217 850
99.3217 340
99.4139 680
99.4139 850
