0.0 0
0.190557 4294967295
0.38275 4294967295
0.960778 680
0.960778 680
1.3545 680
1.74665 680
2.32468 680
2.51683 680
2.70898 680
2.90271 680
3.09644 680
3.29016 680
3.48231 680
3.67446 680
3.86661 680
3.86976 680
4.06034 680
4.06349 680
4.25407 680
4.25722 680
4.44779 680
4.45094 680
4.63994 680
4.64309 680
4.83209 680
4.83524 680
4.8384 680
5.02582 680
5.02897 680
5.03212 680
5.21955 680
5.2227 680
5.22585 680
5.4117 680
5.41485 680
5.418 680
5.60385 680
5.607 680
5.61015 680
5.796 680
5.79915 680
5.80545 680
5.98972 680
5.99288 680
5.99918 680
6.00233 680
6.18345 680
6.1866 680
6.19291 680
6.19606 680
6.37718 680
6.38033 680
6.38506 680
6.38821 680
6.56933 680
6.57721 680
6.58036 680
6.76305 680
6.77251 1530
6.77251 1530
6.77408 1530
6.77566 1530
6.77724 1530
6.77881 1530
6.9552 1530
6.96151 1530
6.96308 1530
6.96466 1530
7.15523 1530
7.34738 1530
7.34738 1530
7.35054 1530
7.54111 1530
7.54426 1530
7.73326 1530
7.73641 1530
7.92541 1530
7.92856 1530
7.93172 1530
8.11914 1530
8.12229 1530
8.12544 1530
8.31286 1530
8.31602 1530
8.31917 1530
8.50501 1530
8.50817 1530
8.51132 1530
8.69716 1530
8.70032 1530
8.70347 1530
8.88932 1530
8.89247 1530
8.89562 1530
8.89877 1530
9.08304 1530
9.08619 1530
9.08935 1530
9.0925 1530
9.27834 1530
9.28307 1360
9.28307 1360
9.28465 1360
9.28622 1360
9.2878 1360
9.47049 1360
9.47207 1360
9.47365 1360
9.47522 1360
9.6658 1360
9.6658 1360
9.85795 1360
9.8611 1360
10.0517 1360
10.0548 1360
10.2454 1360
10.2486 1360
10.4376 1360
10.4407 1360
10.6297 1360
10.6329 1360
10.8219 1360
10.825 1360
10.8282 1360
11.0156 1360
11.0187 1360
11.0219 1360
11.2093 1360
11.2125 1360
11.2156 1360
11.4046 1020
11.4046 1020
11.4062 1020
11.4078 1020
11.4093 1020
11.5936 1020
11.5952 1020
11.5968 1020
11.7873 1020
11.9795 1020
12.1716 1020
12.3638 1020
12.5591 1020
12.7528 1020
12.756 1020
12.9465 1020
12.9497 1020
13.1403 1020
13.1434 1020
13.3324 1020
13.3356 1020
13.5246 1020
13.5277 1020
13.7167 1020
13.7199 1020
13.723 1020
13.9104 1020
13.9136 1020
14.1026 1020
14.1073 1020
14.1089 1020
14.2947 1020
14.2963 1020
14.2995 1020
14.2995 1020
14.4932 1020
14.8853 1020
15.8853 680
15.8853 680
18.4696 680
18.6634 680
18.8571 680
19.0508 680
19.2446 680
19.4367 680
19.6289 680
19.821 680
19.8242 680
20.0147 680
20.0179 680
20.2085 680
20.2116 680
20.4022 680
20.4053 680
20.5943 680
20.5975 680
20.7865 680
20.7912 680
20.9834 850
20.9834 850
20.9849 850
21.1755 850
21.1755 850
21.3677 850
21.3677 850
21.7598 850
22.152 850
22.3457 850
22.3457 850
22.5394 850
22.7316 850
22.9237 850
23.1174 850
23.3112 680
23.3112 680
23.5017 680
23.5033 680
23.8955 680
24.0892 680
24.2829 680
24.6751 680
25.0594 680
25.061 680
25.2531 680
25.4453 680
25.6374 680
25.6751 680
26.2594 680
26.4531 680
26.6468 680
26.8406 680
27.2264 680
27.228 680
27.4186 680
27.6107 680
27.8045 680
27.9982 680
28.1919 680
28.3841 680
28.7684 680
28.7699 680
28.9605 680
29.1527 680
29.5448 680
30.1213 680
30.3134 680
30.5056 680
30.6993 680
30.893 680
31.2789 680
31.2805 680
31.471 680
31.6632 680
31.8569 680
32.0506 680
32.2444 680
32.4365 680
32.6287 680
32.8208 680
32.824 680
33.0146 680
33.2083 680
33.2099 680
33.3989 680
33.591 680
33.7832 680
33.9753 680
34.0146 680
34.5989 680
34.991 680
35.991 680
36.1832 680
36.1832 680
36.3769 680
36.5706 680
36.7643 680
37.1486 680
37.1502 680
37.3408 680
37.5329 680
37.7267 680
37.9204 680
38.1141 680
38.3063 680
38.4984 680
38.6906 680
38.6937 680
38.8843 680
39.078 680
39.2717 680
39.2749 680
39.4655 680
39.4686 680
39.6608 680
39.8529 680
39.8561 680
40.0451 680
40.0482 680
40.0514 680
40.2388 680
40.242 680
40.2451 680
40.4325 680
40.4357 680
40.4388 680
40.6247 680
40.6278 680
40.631 680
40.8168 680
40.82 680
40.8231 680
41.009 680
41.0121 680
41.0153 680
41.0184 680
41.2027 680
41.2059 680
41.209 680
41.2122 680
41.3964 680
41.3996 680
41.4027 680
41.4059 680
41.5886 680
41.5949 680
41.598 680
41.7807 680
41.787 680
41.7902 680
41.7933 680
41.9729 680
41.976 680
41.9808 680
41.9839 680
41.9871 680
42.1666 680
42.1698 680
42.1776 1530
42.1776 1530
42.1792 1530
42.3588 1530
42.3603 1530
42.3619 1530
42.3635 1530
42.3666 1530
42.3682 1530
42.3698 1530
42.3698 1530
42.5588 1530
42.5604 1530
42.5619 1530
42.7509 1530
42.7509 1530
42.7541 1530
42.9447 1530
42.9478 1530
43.1368 1530
43.14 1530
43.329 1530
43.3321 1530
43.3353 1530
43.5227 1530
43.5258 1530
43.529 1530
43.7164 1530
43.7196 1530
43.7227 1530
43.9086 1530
43.9117 1530
43.9149 1530
44.1007 1530
44.1039 1530
44.107 1530
44.2929 1530
44.296 1530
44.2992 1530
44.3023 1530
44.4866 1530
44.4897 1530
44.4929 1530
44.4961 1530
44.6803 1530
44.6835 1530
44.6866 1530
44.6898 1530
44.8725 1530
44.8756 1530
44.8788 1530
44.8819 1530
45.0646 1530
45.0678 1530
45.0709 1530
45.0741 1530
45.2584 1530
45.2631 1530
45.2647 1530
45.2662 1530
45.2694 1530
45.4505 1530
45.4521 1530
45.4537 1530
45.4552 1530
45.4552 1530
45.6458 1530
45.6474 1530
45.838 1530
46.0301 1530
46.0301 1530
46.0333 1530
46.2238 1530
46.227 1530
46.416 1530
46.4191 1530
46.6081 1530
46.6113 1530
46.6144 1530
46.8019 1530
46.805 1530
46.8082 1530
46.9956 1530
46.9987 1530
47.0019 1530
47.1877 1530
47.1909 1530
47.194 1530
47.3799 1530
47.383 1530
47.3862 1530
47.572 1530
47.5752 1530
47.5783 1530
47.5815 1530
47.7658 1530
47.7689 1530
47.7721 1530
47.7752 1530
47.9595 1530
47.9626 1530
47.9658 1530
47.9689 1530
48.1516 1530
48.1548 1530
48.1579 1530
48.1611 1530
48.3438 1530
48.3469 1530
48.3532 1530
48.5359 1530
48.5407 1530
48.5501 1530
48.7281 1530
48.7297 1530
48.7328 1530
48.7375 1530
48.7391 1530
48.7423 1530
48.7423 1530
48.9344 1530
49.1266 1530
49.3203 1530
49.5125 1530
49.5125 1530
49.5156 1530
49.7062 1530
49.7093 1530
49.8983 1530
49.9015 1530
50.0905 1530
50.0936 1530
50.0968 1530
50.2842 1530
50.2874 1530
50.2905 1530
50.4779 1530
50.4811 1530
50.4842 1530
50.6701 1530
50.6764 1020
50.6764 1020
50.678 1020
50.8622 1020
50.8638 1020
50.8654 1020
50.867 1020
50.8685 1020
51.0591 1020
51.2513 1020
51.4434 1020
51.6356 1020
51.8277 1020
51.8309 1020
52.0214 1020
52.0246 1020
52.2152 1020
52.2183 1020
52.4073 1020
52.4105 1020
52.5995 1020
52.6026 1020
52.7916 1020
52.7948 1020
52.7979 1020
52.9853 1020
52.9885 1020
52.9916 1020
53.1791 1020
53.1822 1020
53.1854 1020
53.3712 1020
53.3775 1020
53.5634 1020
53.5697 1020
53.5728 1020
53.7555 1020
53.7618 1020
53.765 1020
53.7681 1020
53.9492 1020
53.9556 1020
53.9587 1020
53.9619 1020
54.143 1020
54.1493 1020
54.154 1020
54.3351 1360
54.3351 1360
54.3367 1360
54.3414 1360
54.343 1360
54.3462 1360
54.3477 1360
54.3493 1360
54.5273 1360
54.5415 1360
54.5415 1360
54.7336 1360
54.7368 1360
54.9305 1360
55.1242 1360
55.1274 1360
55.3179 1360
55.3227 1360
55.5148 680
55.5148 680
55.7022 680
55.7038 680
55.707 680
56.0991 680
56.2928 680
56.4866 680
56.6803 680
56.874 680
57.2678 680
57.4615 680
57.6536 680
57.6568 680
57.8474 680
57.8505 680
58.0411 680
58.0442 680
58.2348 680
58.238 680
58.427 680
58.4301 680
58.6207 680
58.816 850
58.816 850
59.005 850
59.0081 850
59.0081 850
59.2003 850
59.2003 850
59.3924 850
60.3924 680
62.9767 680
63.1705 680
63.3642 680
63.5579 680
63.7516 680
63.9438 680
64.1359 680
64.3312 680
64.525 680
64.5281 680
64.7187 680
64.7219 680
64.9124 680
64.9156 680
65.1046 680
65.1077 680
65.2967 680
65.2999 680
65.4889 680
65.492 680
65.4952 680
65.6826 680
65.6858 680
65.6889 680
65.8763 680
65.8795 680
65.8826 680
66.0685 680
66.0716 680
66.0748 680
66.2606 680
66.2638 680
66.2669 680
66.4528 680
66.4559 680
66.4591 680
66.4622 680
66.6465 680
66.6497 680
66.6528 680
66.656 680
66.8402 680
66.8434 680
66.8465 680
66.8497 680
67.0324 680
67.0387 1360
67.0387 1360
67.0403 1360
67.0418 1360
67.0434 1360
67.2245 1360
67.2261 1360
67.2277 1360
67.2293 1360
67.2308 1360
67.4198 1360
67.423 1360
67.6136 1360
67.6167 1360
67.8073 1360
67.8104 1360
68.001 1360
68.0042 1360
68.1932 1360
68.1963 1360
68.3853 1360
68.3885 1360
68.3916 1360
68.579 1360
68.5822 1360
68.5853 1360
68.7728 1360
68.7759 1360
68.7791 1360
68.9696 1360
68.9728 1360
69.1618 1360
69.165 1360
69.1681 1360
69.3539 1360
69.3571 1360
69.3603 1360
69.3634 1360
69.5477 1360
69.5508 1360
69.5571 1360
69.7414 1360
69.7446 1360
69.7509 1360
69.754 1360
69.9351 1360
69.9399 1360
69.9462 1360
69.9477 1360
70.1273 1360
70.1289 1360
70.132 1360
70.1352 1360
70.1367 1360
70.1383 1360
70.3289 1360
70.3289 1360
70.521 1360
70.5242 1360
70.7148 1360
70.7179 1360
70.9085 1360
70.9116 1360
71.1006 1360
71.2928 680
71.2928 680
71.2959 680
71.2975 680
71.4849 680
71.8771 680
72.0708 680
72.2645 680
72.4583 680
72.652 680
72.8457 680
73.4222 680
73.6143 680
74.0065 680
74.2002 680
74.3939 680
74.5877 680
74.7814 680
74.9735 680
75.1657 680
75.3578 680
75.361 680
75.5516 680
75.5547 680
75.7453 680
75.7484 680
75.939 680
75.9422 680
76.1312 680
76.1343 680
76.3265 680
76.3296 680
76.5233 680
76.5265 680
76.7171 680
76.7202 680
76.7234 680
76.9108 680
76.9139 680
76.9171 680
77.1029 680
77.1061 680
77.1092 680
77.2951 680
77.2982 680
77.3014 680
77.4872 680
77.4904 680
77.4935 680
77.4967 680
77.681 680
77.6841 680
77.6873 680
77.6904 680
77.8747 680
77.8779 680
77.881 680
77.8842 680
78.0668 680
78.07 680
78.0732 680
78.0763 680
78.259 680
78.2622 680
78.2653 680
78.2685 680
78.2716 680
78.4527 680
78.4559 680
78.459 680
78.4622 680
78.4653 680
78.6465 680
78.6496 680
78.6528 680
78.6559 680
78.6591 680
78.8433 1700
78.8433 1700
78.8449 1700
78.8465 1700
78.8481 1700
78.8496 1700
78.8512 1700
78.8528 1700
78.8544 1700
79.0323 1700
79.0355 1700
79.0355 1700
79.0449 1700
79.0465 1700
79.2245 1700
79.2276 1700
79.2371 1700
79.4166 1700
79.4292 1700
79.6088 1700
79.6214 1700
79.8009 1700
79.8135 1700
79.9931 1700
79.9962 1700
80.0073 1700
80.1868 1700
80.19 1700
80.201 1700
80.3805 1700
80.3837 1700
80.3931 1700
80.5727 1700
80.5758 1700
80.5853 1700
80.7648 1700
80.768 1700
80.7774 1700
80.957 1700
80.9601 1700
80.9633 1700
80.9712 1700
81.1507 1700
81.1539 1700
81.157 1700
81.1649 1700
81.3444 1700
81.3476 1700
81.3507 1700
81.357 1700
81.5366 1700
81.5397 1700
81.5429 1700
81.5492 1700
81.7287 1700
81.7319 1700
81.735 1700
81.7413 1700
81.9209 1700
81.9256 1530
81.9256 1530
81.9272 1530
81.9288 1530
81.9335 1530
81.9351 1530
82.113 1530
82.1146 1530
82.1178 1530
82.3099 1530
82.5036 1530
82.6958 1530
82.6958 1530
82.6989 1530
82.8895 1530
82.8927 1530
83.0817 1530
83.2738 680
83.2738 680
83.2754 680
83.277 680
83.2785 680
83.466 680
83.6581 680
83.8518 680
84.0456 680
84.2393 680
84.433 680
85.0095 680
85.2016 680
85.5938 680
85.7875 680
85.9812 680
86.175 680
86.3687 680
86.5608 680
86.753 680
86.9451 680
86.9483 680
87.1389 680
87.142 680
87.3326 680
87.3357 680
87.5263 680
87.5295 680
87.7185 680
87.7216 680
87.9106 680
87.9138 680
87.9169 680
88.1043 680
88.1091 680
88.2981 850
88.2981 850
88.3012 850
88.3028 850
88.4886 850
88.4902 850
88.8824 850
89.0761 850
89.0761 850
89.2698 850
89.462 850
89.6541 850
89.8463 850
90.04 680
90.04 680
90.0416 680
90.2306 680
90.2322 680
90.4243 680
90.618 680
90.8118 680
91.0055 680
91.1976 680
91.3898 680
91.5819 680
91.5851 680
91.7757 680
91.7788 680
91.9694 680
91.9725 680
92.1631 680
92.1663 680
92.3553 680
92.3584 680
92.5506 850
92.5506 850
92.5521 850
92.5537 850
92.7396 850
92.7411 850
92.7427 850
92.9349 850
92.9349 850
93.1286 850
93.3207 850
93.7145 850
93.9082 850
93.9113 850
94.1051 680
94.1051 680
94.2941 680
94.2956 680
94.2972 680
94.4894 680
94.6831 680
94.8768 680
95.0706 680
95.2627 680
95.4549 680
95.6502 680
95.8392 680
95.8407 680
95.8423 680
96.0345 680
96.2282 680
96.4219 680
96.6156 680
96.8078 680
96.9999 680
97.1921 680
97.1952 680
97.3874 680
97.5811 680
97.7717 680
97.7733 680
98.1654 680
98.3591 680
98.5529 680
98.7466 680
98.9403 680
99.1325 680
99.3246 680
99.5168 680
99.5199 680
99.7105 680
99.7137 680
99.9042 680
99.9074 680
100.098 680
100.101 680
100.29 680
100.293 680
100.485 680
100.489 680
100.679 680
100.682 680
100.685 680
100.873 680
100.876 680
100.879 680
101.067 680
101.07 680
101.26 1020
101.26 1020
101.262 1020
101.263 1020
101.265 1020
101.267 1020
101.452 1020
101.645 1020
101.645 1020
101.838 1020
102.032 1020
102.609 680
102.609 680
102.801 680
103.193 680
103.387 680
103.58 680
103.774 680
103.968 680
104.16 680
104.352 680
104.544 680
104.547 680
104.738 680
104.932 680
104.933 680
105.122 680
105.124 680
105.316 680
105.51 680
105.703 680
105.897 680
106.089 680
106.281 680
106.474 680
106.477 680
106.667 680
106.67 680
106.861 680
107.055 680
107.056 680
107.058 680
107.245 680
107.247 680
107.439 680
107.633 680
107.826 680
108.02 680
108.212 680
108.405 680
108.597 680
108.6 680
108.79 680
108.794 680
108.984 680
108.987 680
109.178 680
109.181 680
109.37 680
109.373 680
109.562 680
109.565 680
109.757 680
109.951 850
109.951 850
109.953 850
109.954 850
110.142 850
110.143 850
110.535 850
111.114 680
111.114 680
111.306 680
111.498 680
111.692 680
111.885 680
112.079 680
112.271 680
112.463 680
112.655 680
112.659 680
112.849 680
112.852 680
113.043 680
113.046 680
113.237 680
113.24 680
113.429 680
113.432 680
113.621 680
113.624 680
113.627 680
113.815 680
113.818 680
113.821 680
114.008 680
114.012 680
114.015 680
114.201 680
114.204 680
114.207 680
114.393 680
114.396 680
114.399 680
114.585 680
114.588 680
114.591 680
114.594 680
114.779 680
114.782 680
114.788 1190
114.788 1190
114.971 1190
114.972 1190
114.975 1190
114.977 1190
114.979 1190
114.98 1190
114.98 1190
115.171 1190
115.363 1190
115.755 1190
115.949 1190
116.142 1190
116.142 1190
116.335 1190
116.338 1190
116.528 1190
116.532 1190
116.722 1190
116.725 1190
116.914 1190
116.917 1190
117.106 1190
117.299 1190
117.302 1190
117.492 1190
117.499 850
117.499 850
117.684 850
117.686 850
117.688 850
117.689 850
117.691 850
117.883 850
117.883 850
118.077 850
118.47 850
118.664 850
118.856 850
118.859 850
119.05 850
119.053 850
119.245 850
119.437 680
119.437 680
119.439 680
119.441 680
119.63 680
121.214 680
121.408 680
121.601 680
121.795 680
121.989 680
122.181 680
122.373 680
122.568 680
122.762 680
122.765 680
122.956 680
122.959 680
123.15 680
123.153 680
123.342 680
123.345 680
123.537 680
123.539 680
123.726 680
123.728 680
123.729 680
123.921 680
124.115 680
124.309 680
124.502 680
124.896 680
125.09 680
125.285 680
125.479 680
125.482 680
125.673 680
125.676 680
125.866 680
125.87 680
126.059 680
126.062 680
126.251 680
126.254 680
126.444 680
126.449 850
126.449 850
126.637 850
126.638 850
126.64 850
126.641 850
127.033 850
127.227 850
127.227 850
127.421 850
127.613 850
127.805 850
127.999 850
128.193 680
128.193 680
128.383 680
128.385 680
128.777 680
128.971 680
129.164 680
129.358 680
129.552 680
129.744 680
129.936 680
130.128 680
130.131 680
130.325 680
130.519 680
130.522 680
130.713 680
130.905 680
131.097 680
131.1 680
131.289 680
131.481 850
131.481 850
131.483 850
131.484 850
131.486 850
131.488 850
131.673 850
131.866 850
131.866 850
132.059 850
132.636 680
132.636 680
132.828 680
133.22 680
133.414 680
133.607 680
133.801 680
133.995 680
134.187 680
134.379 680
134.571 680
134.575 680
134.765 680
134.768 680
134.959 680
135.151 680
135.343 680
135.345 680
135.346 680
135.535 680
135.927 680
136.121 680
136.699 680
136.891 680
137.083 680
137.277 680
137.471 680
137.665 680
137.857 680
138.049 680
138.241 680
138.244 680
138.435 680
138.438 680
138.629 680
138.632 680
138.822 680
138.825 680
139.016 680
139.208 680
139.21 680
139.211 680
139.4 680
139.792 680
139.986 680
140.18 680
140.374 680
140.567 680
140.76 680
141.144 680
141.145 680
141.336 680
141.528 680
141.722 680
141.916 680
142.109 680
142.301 680
142.494 680
142.686 680
142.878 680
143.072 680
143.262 680
143.878 680
144.462 680
144.656 680
144.85 680
145.043 680
145.237 680
145.429 680
145.621 680
145.817 680
146.01 680
146.014 680
146.204 680
146.596 680
146.792 680
146.793 680
146.981 680
146.982 680
146.984 680
147.176 680
147.37 680
147.563 680
147.757 680
147.949 680
148.141 680
148.334 680
148.337 680
148.53 680
148.724 680
148.727 680
148.918 680
148.921 680
149.11 680
149.302 680
149.304 680
149.305 680
149.307 680
149.494 680
149.686 680
150.079 680
150.655 680
150.847 680
151.039 680
151.233 680
151.427 680
151.621 680
151.813 680
152.005 680
152.197 680
152.2 680
152.391 680
152.394 680
152.584 680
152.588 680
152.973 680
152.975 680
153.166 680
153.166 680
153.358 680
153.358 680
153.55 680
153.742 680
154.32 680
154.512 680
154.704 680
154.898 680
155.092 680
155.286 680
155.478 680
155.67 680
155.862 680
155.865 680
156.056 680
156.059 680
156.25 680
156.253 680
156.443 680
156.446 680
156.635 680
156.639 680
156.828 680
156.831 680
156.834 680
157.021 680
157.024 680
157.028 680
157.215 680
157.221 1020
157.221 1020
157.223 1020
157.407 1020
157.409 1020
157.41 1020
157.412 1020
157.413 1020
157.604 1020
157.796 1020
157.988 1020
158.18 1020
158.373 1020
158.376 1020
158.566 1020
158.569 1020
158.76 1020
158.763 1020
158.952 1020
159.144 680
159.144 680
159.149 680
159.337 680
159.337 680
159.529 680
159.921 680
160.115 680
160.308 680
160.502 680
160.696 680
161.08 680
161.082 680
161.272 680
161.464 680
161.658 680
161.852 680
162.046 680
162.238 680
162.43 680
162.622 680
162.625 680
162.816 680
162.819 680
163.009 680
163.013 680
163.203 680
163.206 680
163.395 680
163.398 680
163.587 680
163.591 680
163.594 680
163.781 680
163.784 680
163.787 680
163.975 680
163.978 680
163.981 680
164.167 680
164.17 680
164.173 680
164.359 680
164.362 680
164.366 680
164.551 680
164.558 1190
164.558 1190
164.559 1190
164.561 1190
164.743 1190
164.745 1190
164.747 1190
164.748 1190
164.75 1190
164.94 1190
164.94 1190
165.133 1190
165.136 1190
165.328 1190
165.522 680
165.522 680
165.712 680
165.714 680
166.106 680
166.3 680
166.493 680
167.493 680
168.078 680
168.271 680
168.465 680
168.659 680
168.853 680
169.045 680
169.237 680
169.429 680
169.432 680
169.623 680
169.626 680
169.816 680
169.82 680
170.01 680
170.013 680
170.202 680
170.205 680
170.394 680
170.398 680
170.401 680
170.588 680
170.594 850
170.594 850
170.78 850
170.782 850
170.783 850
170.785 850
170.787 850
170.979 850
170.979 850
171.173 850
171.365 850
171.557 850
171.749 850
171.752 850
171.943 850
171.946 850
172.136 850
172.14 850
172.329 850
172.332 850
172.521 850
172.524 850
172.713 850
172.716 850
172.719 850
172.907 850
172.91 850
172.913 850
173.1 850
173.103 850
173.107 850
173.292 850
173.296 850
173.299 850
173.485 850
173.488 850
173.491 850
173.677 850
173.68 850
173.683 850
173.686 850
173.87 850
173.874 850
173.88 850
174.064 850
174.067 850
174.074 850
174.077 850
174.256 850
174.261 850
174.269 1360
174.269 1360
174.271 1360
174.449 1360
174.45 1360
174.453 1360
174.458 1360
174.46 1360
174.461 1360
174.652 1360
174.652 1360
174.844 1360
174.847 1360
175.038 1360
175.041 1360
175.233 1360
175.425 680
175.425 680
175.427 680
175.428 680
175.617 680
176.009 680
176.203 680
176.397 680
176.591 680
176.784 680
176.976 680
177.169 680
177.361 680
177.364 680
177.554 680
177.558 680
177.748 680
177.751 680
177.942 680
177.945 680
178.134 680
178.137 680
178.329 680
178.332 680
178.523 680
178.526 680
178.529 680
178.717 680
178.72 680
178.723 680
178.91 680
178.914 680
178.917 680
179.103 680
179.106 680
179.109 680
179.295 680
179.298 680
179.301 680
179.304 680
179.489 680
179.492 680
179.495 680
179.498 680
179.682 680
179.689 1360
179.689 1360
179.69 1360
179.692 1360
179.874 1360
179.876 1360
179.878 1360
179.879 1360
179.881 1360
179.882 1360
180.074 1360
180.268 1360
180.271 1360
180.462 1360
180.465 1360
180.656 1360
180.659 1360
180.848 1360
180.851 1360
181.04 1360
181.045 1360
181.235 850
181.235 850
181.237 850
181.424 850
181.427 850
181.427 850
181.82 850
182.212 850
182.604 850
182.988 680
182.988 680
182.99 680
183.18 680
183.372 680
183.566 680
183.76 680
183.954 680
184.146 680
184.338 680
184.53 680
184.533 680
184.724 680
184.727 680
184.918 680
184.921 680
185.111 680
185.114 680
185.303 680
185.307 680
185.496 680
185.499 680
185.502 680
185.689 680
185.692 680
185.696 680
185.883 680
185.886 680
185.889 680
186.075 680
186.078 680
186.081 680
186.267 680
186.27 680
186.274 680
186.459 680
186.463 680
186.466 680
186.469 680
186.653 680
186.656 680
186.659 680
186.663 680
186.847 680
186.85 680
186.853 680
186.856 680
187.039 680
187.042 680
187.045 680
187.048 680
187.231 680
187.234 680
187.237 680
187.241 680
187.423 680
187.426 680
187.43 680
187.433 680
187.436 680
187.617 680
187.623 680
187.627 680
187.63 680
187.811 680
187.817 680
187.82 680
187.827 1700
187.827 1700
187.828 1700
188.003 1700
188.005 1700
188.009 1700
188.011 1700
188.014 1700
188.016 1700
188.017 1700
188.019 1700
188.208 1700
188.208 1700
188.401 1700
188.594 1700
188.597 1700
188.786 1700
188.789 1700
188.978 1700
188.981 1700
188.984 1700
189.172 1700
189.175 1700
189.178 1700
189.365 1700
189.368 1700
189.372 1700
189.557 1700
189.561 1700
189.564 1700
189.751 1700
189.756 1020
189.756 1020
189.758 1020
189.943 1020
189.945 1020
189.947 1020
189.948 1020
190.14 1020
190.14 1020
190.334 1020
190.526 1020
190.718 1020
190.91 1020
190.914 1020
191.104 1020
191.107 1020
191.298 1020
191.301 1020
191.49 1020
191.493 1020
191.682 1020
191.685 1020
191.874 1020
191.877 1020
191.881 1020
192.068 1020
192.071 1020
192.074 1020
192.262 1020
192.265 1020
192.27 1020
192.457 1020
192.459 1020
192.462 1020
192.648 1020
192.649 1020
193.041 1020
193.235 1020
193.235 1020
193.429 1020
193.621 1020
193.813 1020
194.005 1020
194.008 1020
194.199 1020
194.202 1020
194.393 1020
194.397 1020
194.59 680
194.59 680
194.777 680
194.779 680
194.782 680
195.174 680
195.368 680
195.561 680
195.755 680
195.949 680
196.141 680
196.333 680
196.525 680
196.528 680
196.719 680
196.722 680
196.913 680
196.916 680
197.106 680
197.11 680
197.299 680
197.302 680
197.491 680
197.494 680
197.497 680
197.684 680
197.688 680
197.691 680
197.878 680
197.881 680
197.885 680
198.07 680
198.073 680
198.077 680
198.262 680
198.266 680
198.269 680
198.455 680
198.461 680
198.464 680
198.655 1190
198.655 1190
198.656 1190
198.659 1190
198.661 1190
198.841 1190
198.845 1190
198.847 1190
198.847 1190
199.037 1190
199.039 1190
199.23 1190
199.23 1190
199.422 1190
199.425 1190
199.615 1190
199.619 1190
199.809 1190
199.812 1190
200.001 1190
200.004 1190
