0.0 0
0.190557 340
0.190557 340
0.38275 680
0.960778 680
0.960778 1700
1.3545 340
1.74665 680
2.32468 1700
2.51683 680
2.70898 850
2.90271 986
3.09644 1103
3.29016 1207
3.48231 1302
3.67446 1390
3.86661 1473
3.86976 1551
4.06034 1625
4.06349 1696
4.25407 1764
4.25722 1829
4.44779 1892
4.45094 1953
4.63994 2012
4.64309 2069
4.83209 2124
4.83524 2178
4.8384 2231
5.02582 2282
5.02897 2332
5.03212 2381
5.21955 2429
5.2227 2476
5.22585 2522
5.4117 2567
5.41485 2612
5.418 2656
5.60385 2699
5.607 2741
5.61015 2783
5.796 2824
5.79915 2864
5.80545 2904
5.98972 2943
5.99288 2982
5.99918 3020
6.00233 3058
6.18345 3095
6.1866 3132
6.19291 3168
6.19606 3204
6.37718 3240
6.38033 3275
6.38506 3310
6.38821 3344
6.56933 3378
6.57721 3412
6.58036 3445
6.76305 3478
6.77251 3478
6.77251 2550
6.77408 2890
6.77566 3230
6.77724 3570
6.77881 3910
6.9552 4250
6.96151 4590
6.96308 4930
6.96466 1020
7.15523 1360
7.34738 1700
7.34738 1768
7.35054 1833
7.54111 1896
7.54426 1956
7.73326 2015
7.73641 2072
7.92541 2127
7.92856 2181
7.93172 2234
8.11914 2285
8.12229 2335
8.12544 2384
8.31286 2432
8.31602 2479
8.31917 2525
8.50501 2570
8.50817 2614
8.51132 2658
8.69716 2701
8.70032 2743
8.70347 2785
8.88932 2826
8.89247 2866
8.89562 2906
8.89877 2945
9.08304 2984
9.08619 3022
9.08935 3060
9.0925 3097
9.27834 3134
9.28307 3134
9.28307 2380
9.28465 2720
9.28622 3060
9.2878 3400
9.47049 3740
9.47207 4080
9.47365 4420
9.47522 1020
9.6658 1360
9.6658 1445
9.85795 1525
9.8611 1600
10.0517 1672
10.0548 1741
10.2454 1807
10.2486 1870
10.4376 1931
10.4407 1990
10.6297 2048
10.6329 2104
10.8219 2158
10.825 2211
10.8282 2263
11.0156 2314
11.0187 2363
11.0219 2411
11.2093 2458
11.2125 2505
11.2156 2551
11.4046 2551
11.4046 2040
11.4062 2380
11.4078 2720
11.4093 3060
11.5936 3400
11.5952 3740
11.5968 1020
11.7873 1133
11.9795 1235
12.1716 1328
12.3638 1415
12.5591 1496
12.7528 1573
12.756 1646
12.9465 1716
12.9497 1783
13.1403 1847
13.1434 1909
13.3324 1969
13.3356 2027
13.5246 2084
13.5277 2139
13.7167 2193
13.7199 2245
13.723 2296
13.9104 2346
13.9136 2395
14.1026 2443
14.1073 2040
14.1089 2380
14.2947 2720
14.2963 3060
14.2995 340
14.2995 680
14.4932 340
14.8853 680
15.8853 680
15.8853 340
18.4696 680
18.6634 850
18.8571 986
19.0508 1103
19.2446 1207
19.4367 1302
19.6289 1390
19.821 1473
19.8242 1551
20.0147 1625
20.0179 1696
20.2085 1764
20.2116 1829
20.4022 1892
20.4053 1953
20.5943 2012
20.5975 2069
20.7865 2124
20.7912 2178
20.9834 2178
20.9834 1870
20.9849 2210
21.1755 850
21.1755 1190
21.3677 170
21.3677 510
21.7598 340
22.152 680
22.3457 1020
22.3457 1133
22.5394 1235
22.7316 1328
22.9237 1415
23.1174 1496
23.3112 1496
23.3112 1700
23.5017 2040
23.5033 340
23.8955 680
24.0892 850
24.2829 986
24.6751 1103
25.0594 1700
25.061 2040
25.2531 2380
25.4453 2720
25.6374 3060
25.6751 340
26.2594 680
26.4531 850
26.6468 986
26.8406 1103
27.2264 1700
27.228 2040
27.4186 680
27.6107 850
27.8045 986
27.9982 1103
28.1919 1207
28.3841 1302
28.7684 1700
28.7699 2040
28.9605 680
29.1527 850
29.5448 986
30.1213 1700
30.3134 680
30.5056 850
30.6993 986
30.893 1103
31.2789 1700
31.2805 2040
31.471 680
31.6632 850
31.8569 986
32.0506 1103
32.2444 1207
32.4365 1302
32.6287 1390
32.8208 1473
32.824 1551
33.0146 1625
33.2083 1700
33.2099 2040
33.3989 2380
33.591 2720
33.7832 3060
33.9753 3400
34.0146 340
34.5989 680
34.991 850
35.991 340
36.1832 680
36.1832 850
36.3769 986
36.5706 1103
36.7643 1207
37.1486 1700
37.1502 2040
37.3408 680
37.5329 850
37.7267 986
37.9204 1103
38.1141 1207
38.3063 1302
38.4984 1390
38.6906 1473
38.6937 1551
38.8843 1625
39.078 1696
39.2717 1764
39.2749 1829
39.4655 1892
39.4686 1953
39.6608 2012
39.8529 2069
39.8561 2124
40.0451 2178
40.0482 2231
40.0514 2282
40.2388 2332
40.242 2381
40.2451 2429
40.4325 2476
40.4357 2522
40.4388 2567
40.6247 2612
40.6278 2656
40.631 2699
40.8168 2741
40.82 2783
40.8231 2824
41.009 2864
41.0121 2904
41.0153 2943
41.0184 2982
41.2027 3020
41.2059 3058
41.209 3095
41.2122 3132
41.3964 3168
41.3996 3204
41.4027 3240
41.4059 3275
41.5886 3310
41.5949 3344
41.598 3378
41.7807 3412
41.787 3445
41.7902 3478
41.7933 3511
41.9729 3543
41.976 3575
41.9808 3607
41.9839 3639
41.9871 3670
42.1666 3701
42.1698 3732
42.1776 3732
42.1776 2550
42.1792 2890
42.3588 3230
42.3603 3570
42.3619 3910
42.3635 4250
42.3666 4590
42.3682 4930
42.3698 3230
42.3698 3570
42.5588 3910
42.5604 4250
42.5619 1360
42.7509 1700
42.7509 1768
42.7541 1833
42.9447 1896
42.9478 1956
43.1368 2015
43.14 2072
43.329 2127
43.3321 2181
43.3353 2234
43.5227 2285
43.5258 2335
43.529 2384
43.7164 2432
43.7196 2479
43.7227 2525
43.9086 2570
43.9117 2614
43.9149 2658
44.1007 2701
44.1039 2743
44.107 2785
44.2929 2826
44.296 2866
44.2992 2906
44.3023 2945
44.4866 2984
44.4897 3022
44.4929 3060
44.4961 3097
44.6803 3134
44.6835 3170
44.6866 3206
44.6898 3242
44.8725 3277
44.8756 3312
44.8788 3346
44.8819 3380
45.0646 3414
45.0678 3447
45.0709 3480
45.0741 3513
45.2584 3545
45.2631 2550
45.2647 2890
45.2662 3230
45.2694 3570
45.4505 3910
45.4521 4250
45.4537 4590
45.4552 2210
45.4552 2550
45.6458 2890
45.6474 1020
45.838 1360
46.0301 1700
46.0301 1768
46.0333 1833
46.2238 1896
46.227 1956
46.416 2015
46.4191 2072
46.6081 2127
46.6113 2181
46.6144 2234
46.8019 2285
46.805 2335
46.8082 2384
46.9956 2432
46.9987 2479
47.0019 2525
47.1877 2570
47.1909 2614
47.194 2658
47.3799 2701
47.383 2743
47.3862 2785
47.572 2826
47.5752 2866
47.5783 2906
47.5815 2945
47.7658 2984
47.7689 3022
47.7721 3060
47.7752 3097
47.9595 3134
47.9626 3170
47.9658 3206
47.9689 3242
48.1516 3277
48.1548 3312
48.1579 3346
48.1611 3380
48.3438 3414
48.3469 3447
48.3532 3480
48.5359 3513
48.5407 3545
48.5501 2550
48.7281 2890
48.7297 3230
48.7328 3570
48.7375 3910
48.7391 4250
48.7423 3570
48.7423 3910
48.9344 680
49.1266 1020
49.3203 1360
49.5125 1700
49.5125 1768
49.5156 1833
49.7062 1896
49.7093 1956
49.8983 2015
49.9015 2072
50.0905 2127
50.0936 2181
50.0968 2234
50.2842 2285
50.2874 2335
50.2905 2384
50.4779 2432
50.4811 2479
50.4842 2525
50.6701 2570
50.6764 2570
50.6764 2040
50.678 2380
50.8622 2720
50.8638 3060
50.8654 3400
50.867 3740
50.8685 1020
51.0591 1133
51.2513 1235
51.4434 1328
51.6356 1415
51.8277 1496
51.8309 1573
52.0214 1646
52.0246 1716
52.2152 1783
52.2183 1847
52.4073 1909
52.4105 1969
52.5995 2027
52.6026 2084
52.7916 2139
52.7948 2193
52.7979 2245
52.9853 2296
52.9885 2346
52.9916 2395
53.1791 2443
53.1822 2490
53.1854 2536
53.3712 2581
53.3775 2625
53.5634 2669
53.5697 2712
53.5728 2754
53.7555 2795
53.7618 2836
53.765 2876
53.7681 2916
53.9492 2955
53.9556 2994
53.9587 3032
53.9619 3070
54.143 3107
54.1493 3144
54.154 3180
54.3351 3180
54.3351 2380
54.3367 2720
54.3414 3060
54.343 3400
54.3462 3740
54.3477 4080
54.3493 4420
54.5273 1020
54.5415 1360
54.5415 1445
54.7336 1525
54.7368 1600
54.9305 1672
55.1242 1741
55.1274 1807
55.3179 1870
55.3227 1931
55.5148 1931
55.5148 1700
55.7022 2040
55.7038 2380
55.707 340
56.0991 680
56.2928 850
56.4866 986
56.6803 1103
56.874 1207
57.2678 1302
57.4615 1390
57.6536 1473
57.6568 1551
57.8474 1625
57.8505 1696
58.0411 1764
58.0442 1829
58.2348 1892
58.238 1953
58.427 2012
58.4301 2069
58.6207 2124
58.816 2124
58.816 1870
59.005 2210
59.0081 1530
59.0081 1870
59.2003 1190
59.2003 1530
59.3924 340
60.3924 340
62.9767 680
63.1705 850
63.3642 986
63.5579 1103
63.7516 1207
63.9438 1302
64.1359 1390
64.3312 1473
64.525 1551
64.5281 1625
64.7187 1696
64.7219 1764
64.9124 1829
64.9156 1892
65.1046 1953
65.1077 2012
65.2967 2069
65.2999 2124
65.4889 2178
65.492 2231
65.4952 2282
65.6826 2332
65.6858 2381
65.6889 2429
65.8763 2476
65.8795 2522
65.8826 2567
66.0685 2612
66.0716 2656
66.0748 2699
66.2606 2741
66.2638 2783
66.2669 2824
66.4528 2864
66.4559 2904
66.4591 2943
66.4622 2982
66.6465 3020
66.6497 3058
66.6528 3095
66.656 3132
66.8402 3168
66.8434 3204
66.8465 3240
66.8497 3275
67.0324 3310
67.0387 3310
67.0387 2380
67.0403 2720
67.0418 3060
67.0434 3400
67.2245 3740
67.2261 4080
67.2277 4420
67.2293 4760
67.2308 1360
67.4198 1445
67.423 1525
67.6136 1600
67.6167 1672
67.8073 1741
67.8104 1807
68.001 1870
68.0042 1931
68.1932 1990
68.1963 2048
68.3853 2104
68.3885 2158
68.3916 2211
68.579 2263
68.5822 2314
68.5853 2363
68.7728 2411
68.7759 2458
68.7791 2505
68.9696 2551
68.9728 2596
69.1618 2640
69.165 2683
69.1681 2726
69.3539 2768
69.3571 2809
69.3603 2850
69.3634 2890
69.5477 2930
69.5508 2969
69.5571 3007
69.7414 3045
69.7446 3082
69.7509 3119
69.754 3156
69.9351 3192
69.9399 3228
69.9462 2380
69.9477 2720
70.1273 3060
70.1289 3400
70.132 3740
70.1352 4080
70.1367 4420
70.1383 1020
70.3289 1360
70.3289 1445
70.521 1525
70.5242 1600
70.7148 1672
70.7179 1741
70.9085 1807
70.9116 1870
71.1006 1931
71.2928 1931
71.2928 1700
71.2959 2040
71.2975 2380
71.4849 340
71.8771 680
72.0708 850
72.2645 986
72.4583 1103
72.652 1207
72.8457 1302
73.4222 1700
73.6143 340
74.0065 680
74.2002 850
74.3939 986
74.5877 1103
74.7814 1207
74.9735 1302
75.1657 1390
75.3578 1473
75.361 1551
75.5516 1625
75.5547 1696
75.7453 1764
75.7484 1829
75.939 1892
75.9422 1953
76.1312 2012
76.1343 2069
76.3265 2124
76.3296 2178
76.5233 2231
76.5265 2282
76.7171 2332
76.7202 2381
76.7234 2429
76.9108 2476
76.9139 2522
76.9171 2567
77.1029 2612
77.1061 2656
77.1092 2699
77.2951 2741
77.2982 2783
77.3014 2824
77.4872 2864
77.4904 2904
77.4935 2943
77.4967 2982
77.681 3020
77.6841 3058
77.6873 3095
77.6904 3132
77.8747 3168
77.8779 3204
77.881 3240
77.8842 3275
78.0668 3310
78.07 3344
78.0732 3378
78.0763 3412
78.259 3445
78.2622 3478
78.2653 3511
78.2685 3543
78.2716 3575
78.4527 3607
78.4559 3639
78.459 3670
78.4622 3701
78.4653 3732
78.6465 3762
78.6496 3792
78.6528 3822
78.6559 3852
78.6591 3882
78.8433 3882
78.8433 2720
78.8449 3060
78.8465 3400
78.8481 3740
78.8496 4080
78.8512 4420
78.8528 4760
78.8544 5100
79.0323 5440
79.0355 1360
79.0355 1700
79.0449 2040
79.0465 2380
79.2245 2720
79.2276 1700
79.2371 1768
79.4166 1833
79.4292 1896
79.6088 1956
79.6214 2015
79.8009 2072
79.8135 2127
79.9931 2181
79.9962 2234
80.0073 2285
80.1868 2335
80.19 2384
80.201 2432
80.3805 2479
80.3837 2525
80.3931 2570
80.5727 2614
80.5758 2658
80.5853 2701
80.7648 2743
80.768 2785
80.7774 2826
80.957 2866
80.9601 2906
80.9633 2945
80.9712 2984
81.1507 3022
81.1539 3060
81.157 3097
81.1649 3134
81.3444 3170
81.3476 3206
81.3507 3242
81.357 3277
81.5366 3312
81.5397 3346
81.5429 3380
81.5492 3414
81.7287 3447
81.7319 3480
81.735 3513
81.7413 3545
81.9209 3577
81.9256 3577
81.9256 2550
81.9272 2890
81.9288 3230
81.9335 3570
81.9351 3910
82.113 4250
82.1146 4590
82.1178 680
82.3099 1020
82.5036 1360
82.6958 1700
82.6958 1768
82.6989 1833
82.8895 1896
82.8927 1956
83.0817 2015
83.2738 2015
83.2738 1700
83.2754 2040
83.277 2380
83.2785 2720
83.466 680
83.6581 850
83.8518 986
84.0456 1103
84.2393 1207
84.433 1302
85.0095 1700
85.2016 340
85.5938 680
85.7875 850
85.9812 986
86.175 1103
86.3687 1207
86.5608 1302
86.753 1390
86.9451 1473
86.9483 1551
87.1389 1625
87.142 1696
87.3326 1764
87.3357 1829
87.5263 1892
87.5295 1953
87.7185 2012
87.7216 2069
87.9106 2124
87.9138 2178
87.9169 2231
88.1043 2282
88.1091 2332
88.2981 2332
88.2981 1870
88.3012 2210
88.3028 2550
88.4886 2890
88.4902 340
88.8824 680
89.0761 1020
89.0761 1133
89.2698 1235
89.462 1328
89.6541 1415
89.8463 1496
90.04 1496
90.04 1700
90.0416 2040
90.2306 2380
90.2322 680
90.4243 850
90.618 986
90.8118 1103
91.0055 1207
91.1976 1302
91.3898 1390
91.5819 1473
91.5851 1551
91.7757 1625
91.7788 1696
91.9694 1764
91.9725 1829
92.1631 1892
92.1663 1953
92.3553 2012
92.3584 2069
92.5506 2069
92.5506 1870
92.5521 2210
92.5537 2550
92.7396 2890
92.7411 3230
92.7427 680
92.9349 1020
92.9349 1133
93.1286 1235
93.3207 1328
93.7145 1415
93.9082 1496
93.9113 1573
94.1051 1573
94.1051 1700
94.2941 2040
94.2956 2380
94.2972 680
94.4894 850
94.6831 986
94.8768 1103
95.0706 1207
95.2627 1302
95.4549 1390
95.6502 1700
95.8392 2040
95.8407 2380
95.8423 680
96.0345 850
96.2282 986
96.4219 1103
96.6156 1207
96.8078 1302
96.9999 1390
97.1921 1473
97.1952 1551
97.3874 1625
97.5811 1700
97.7717 2040
97.7733 340
98.1654 680
98.3591 850
98.5529 986
98.7466 1103
98.9403 1207
99.1325 1302
99.3246 1390
99.5168 1473
99.5199 1551
99.7105 1625
99.7137 1696
99.9042 1764
99.9074 1829
100.098 1892
100.101 1953
100.29 2012
100.293 2069
100.485 2124
100.489 2178
100.679 2231
100.682 2282
100.685 2332
100.873 2381
100.876 2429
100.879 2476
101.067 2522
101.07 2567
101.26 2567
101.26 2040
101.262 2380
101.263 2720
101.265 3060
101.267 3400
101.452 680
101.645 1020
101.645 1133
101.838 1235
102.032 1328
102.609 1328
102.609 1700
102.801 340
103.193 680
103.387 850
103.58 986
103.774 1103
103.968 1207
104.16 1302
104.352 1390
104.544 1473
104.547 1551
104.738 1625
104.932 1700
104.933 2040
105.122 2380
105.124 680
105.316 850
105.51 986
105.703 1103
105.897 1207
106.089 1302
106.281 1390
106.474 1473
106.477 1551
106.667 1625
106.67 1696
106.861 1764
107.055 1700
107.056 2040
107.058 2380
107.245 2720
107.247 680
107.439 850
107.633 986
107.826 1103
108.02 1207
108.212 1302
108.405 1390
108.597 1473
108.6 1551
108.79 1625
108.794 1696
108.984 1764
108.987 1829
109.178 1892
109.181 1953
109.37 2012
109.373 2069
109.562 2124
109.565 2178
109.757 2231
109.951 2231
109.951 1870
109.953 2210
109.954 2550
110.142 2890
110.143 340
110.535 680
111.114 680
111.114 1700
111.306 680
111.498 850
111.692 986
111.885 1103
112.079 1207
112.271 1302
112.463 1390
112.655 1473
112.659 1551
112.849 1625
112.852 1696
113.043 1764
113.046 1829
113.237 1892
113.24 1953
113.429 2012
113.432 2069
113.621 2124
113.624 2178
113.627 2231
113.815 2282
113.818 2332
113.821 2381
114.008 2429
114.012 2476
114.015 2522
114.201 2567
114.204 2612
114.207 2656
114.393 2699
114.396 2741
114.399 2783
114.585 2824
114.588 2864
114.591 2904
114.594 2943
114.779 2982
114.782 3020
114.788 3020
114.788 2210
114.971 2550
114.972 2890
114.975 3230
114.977 3570
114.979 3910
114.98 1870
114.98 2210
115.171 2550
115.363 340
115.755 680
115.949 1020
116.142 1360
116.142 1445
116.335 1525
116.338 1600
116.528 1672
116.532 1741
116.722 1807
116.725 1870
116.914 1931
116.917 1990
117.106 2048
117.299 2104
117.302 2158
117.492 2211
117.499 2211
117.499 1870
117.684 2210
117.686 2550
117.688 2890
117.689 3230
117.691 680
117.883 1020
117.883 1133
118.077 1235
118.47 1328
118.664 1415
118.856 1496
118.859 1573
119.05 1646
119.053 1716
119.245 1783
119.437 1783
119.437 1700
119.439 2040
119.441 2380
119.63 340
121.214 680
121.408 850
121.601 986
121.795 1103
121.989 1207
122.181 1302
122.373 1390
122.568 1473
122.762 1551
122.765 1625
122.956 1696
122.959 1764
123.15 1829
123.153 1892
123.342 1953
123.345 2012
123.537 1700
123.539 2040
123.726 2380
123.728 2720
123.729 680
123.921 850
124.115 986
124.309 1103
124.502 1207
124.896 1302
125.09 1390
125.285 1473
125.479 1551
125.482 1625
125.673 1696
125.676 1764
125.866 1829
125.87 1892
126.059 1953
126.062 2012
126.251 2069
126.254 2124
126.444 2178
126.449 2178
126.449 1870
126.637 2210
126.638 2550
126.64 2890
126.641 340
127.033 680
127.227 1020
127.227 1133
127.421 1235
127.613 1328
127.805 1415
127.999 1496
128.193 1496
128.193 1700
128.383 2040
128.385 340
128.777 680
128.971 850
129.164 986
129.358 1103
129.552 1207
129.744 1302
129.936 1390
130.128 1473
130.131 1551
130.325 1625
130.519 1696
130.522 1764
130.713 1829
130.905 1892
131.097 1953
131.1 2012
131.289 2069
131.481 2069
131.481 1870
131.483 2210
131.484 2550
131.486 2890
131.488 3230
131.673 680
131.866 1020
131.866 1133
132.059 1235
132.636 1235
132.636 1700
132.828 340
133.22 680
133.414 850
133.607 986
133.801 1103
133.995 1207
134.187 1302
134.379 1390
134.571 1473
134.575 1551
134.765 1625
134.768 1696
134.959 1764
135.151 1829
135.343 1700
135.345 2040
135.346 2380
135.535 340
135.927 680
136.121 850
136.699 1700
136.891 680
137.083 850
137.277 986
137.471 1103
137.665 1207
137.857 1302
138.049 1390
138.241 1473
138.244 1551
138.435 1625
138.438 1696
138.629 1764
138.632 1829
138.822 1892
138.825 1953
139.016 2012
139.208 1700
139.21 2040
139.211 2380
139.4 340
139.792 680
139.986 850
140.18 986
140.374 1103
140.567 1207
140.76 1302
141.144 1700
141.145 2040
141.336 680
141.528 850
141.722 986
141.916 1103
142.109 1207
142.301 1302
142.494 1390
142.686 1473
142.878 1551
143.072 1700
143.262 2040
143.878 340
144.462 680
144.656 850
144.85 986
145.043 1103
145.237 1207
145.429 1302
145.621 1390
145.817 1473
146.01 1551
146.014 1625
146.204 1696
146.596 1764
146.792 1700
146.793 2040
146.981 2380
146.982 2720
146.984 680
147.176 850
147.37 986
147.563 1103
147.757 1207
147.949 1302
148.141 1390
148.334 1473
148.337 1551
148.53 1625
148.724 1696
148.727 1764
148.918 1829
148.921 1892
149.11 1953
149.302 1700
149.304 2040
149.305 2380
149.307 2720
149.494 680
149.686 850
150.079 986
150.655 1700
150.847 680
151.039 850
151.233 986
151.427 1103
151.621 1207
151.813 1302
152.005 1390
152.197 1473
152.2 1551
152.391 1625
152.394 1696
152.584 1764
152.588 1829
152.973 1700
152.975 2040
153.166 1700
153.166 2040
153.358 1700
153.358 2040
153.55 680
153.742 850
154.32 1700
154.512 680
154.704 850
154.898 986
155.092 1103
155.286 1207
155.478 1302
155.67 1390
155.862 1473
155.865 1551
156.056 1625
156.059 1696
156.25 1764
156.253 1829
156.443 1892
156.446 1953
156.635 2012
156.639 2069
156.828 2124
156.831 2178
156.834 2231
157.021 2282
157.024 2332
157.028 2381
157.215 2429
157.221 2429
157.221 2040
157.223 2380
157.407 2720
157.409 3060
157.41 3400
157.412 3740
157.413 1020
157.604 1133
157.796 1235
157.988 1328
158.18 1415
158.373 1496
158.376 1573
158.566 1646
158.569 1716
158.76 1783
158.763 1847
158.952 1909
159.144 1909
159.144 1700
159.149 2040
159.337 680
159.337 1020
159.529 340
159.921 680
160.115 850
160.308 986
160.502 1103
160.696 1207
161.08 1700
161.082 2040
161.272 680
161.464 850
161.658 986
161.852 1103
162.046 1207
162.238 1302
162.43 1390
162.622 1473
162.625 1551
162.816 1625
162.819 1696
163.009 1764
163.013 1829
163.203 1892
163.206 1953
163.395 2012
163.398 2069
163.587 2124
163.591 2178
163.594 2231
163.781 2282
163.784 2332
163.787 2381
163.975 2429
163.978 2476
163.981 2522
164.167 2567
164.17 2612
164.173 2656
164.359 2699
164.362 2741
164.366 2783
164.551 2824
164.558 2824
164.558 2210
164.559 2550
164.561 2890
164.743 3230
164.745 3570
164.747 3910
164.748 4250
164.75 1020
164.94 1360
164.94 1445
165.133 1525
165.136 1600
165.328 1672
165.522 1672
165.522 1700
165.712 2040
165.714 340
166.106 680
166.3 850
166.493 986
167.493 340
168.078 680
168.271 850
168.465 986
168.659 1103
168.853 1207
169.045 1302
169.237 1390
169.429 1473
169.432 1551
169.623 1625
169.626 1696
169.816 1764
169.82 1829
170.01 1892
170.013 1953
170.202 2012
170.205 2069
170.394 2124
170.398 2178
170.401 2231
170.588 2282
170.594 2282
170.594 1870
170.78 2210
170.782 2550
170.783 2890
170.785 3230
170.787 680
170.979 1020
170.979 1133
171.173 1235
171.365 1328
171.557 1415
171.749 1496
171.752 1573
171.943 1646
171.946 1716
172.136 1783
172.14 1847
172.329 1909
172.332 1969
172.521 2027
172.524 2084
172.713 2139
172.716 2193
172.719 2245
172.907 2296
172.91 2346
172.913 2395
173.1 2443
173.103 2490
173.107 2536
173.292 2581
173.296 2625
173.299 2669
173.485 2712
173.488 2754
173.491 2795
173.677 2836
173.68 2876
173.683 2916
173.686 2955
173.87 2994
173.874 3032
173.88 3070
174.064 3107
174.067 3144
174.074 3180
174.077 3216
174.256 3251
174.261 3286
174.269 3286
174.269 2380
174.271 2720
174.449 3060
174.45 3400
174.453 3740
174.458 4080
174.46 4420
174.461 1020
174.652 1360
174.652 1445
174.844 1525
174.847 1600
175.038 1672
175.041 1741
175.233 1807
175.425 1807
175.425 1700
175.427 2040
175.428 2380
175.617 340
176.009 680
176.203 850
176.397 986
176.591 1103
176.784 1207
176.976 1302
177.169 1390
177.361 1473
177.364 1551
177.554 1625
177.558 1696
177.748 1764
177.751 1829
177.942 1892
177.945 1953
178.134 2012
178.137 2069
178.329 2124
178.332 2178
178.523 2231
178.526 2282
178.529 2332
178.717 2381
178.72 2429
178.723 2476
178.91 2522
178.914 2567
178.917 2612
179.103 2656
179.106 2699
179.109 2741
179.295 2783
179.298 2824
179.301 2864
179.304 2904
179.489 2943
179.492 2982
179.495 3020
179.498 3058
179.682 3095
179.689 3095
179.689 2380
179.69 2720
179.692 3060
179.874 3400
179.876 3740
179.878 4080
179.879 4420
179.881 4760
179.882 1360
180.074 1445
180.268 1525
180.271 1600
180.462 1672
180.465 1741
180.656 1807
180.659 1870
180.848 1931
180.851 1990
181.04 2048
181.045 2104
181.235 2104
181.235 1870
181.237 2210
181.424 2550
181.427 170
181.427 510
181.82 340
182.212 680
182.604 1020
182.988 1020
182.988 1700
182.99 2040
183.18 680
183.372 850
183.566 986
183.76 1103
183.954 1207
184.146 1302
184.338 1390
184.53 1473
184.533 1551
184.724 1625
184.727 1696
184.918 1764
184.921 1829
185.111 1892
185.114 1953
185.303 2012
185.307 2069
185.496 2124
185.499 2178
185.502 2231
185.689 2282
185.692 2332
185.696 2381
185.883 2429
185.886 2476
185.889 2522
186.075 2567
186.078 2612
186.081 2656
186.267 2699
186.27 2741
186.274 2783
186.459 2824
186.463 2864
186.466 2904
186.469 2943
186.653 2982
186.656 3020
186.659 3058
186.663 3095
186.847 3132
186.85 3168
186.853 3204
186.856 3240
187.039 3275
187.042 3310
187.045 3344
187.048 3378
187.231 3412
187.234 3445
187.237 3478
187.241 3511
187.423 3543
187.426 3575
187.43 3607
187.433 3639
187.436 3670
187.617 3701
187.623 3732
187.627 3762
187.63 3792
187.811 3822
187.817 3852
187.82 3882
187.827 3882
187.827 2720
187.828 3060
188.003 3400
188.005 3740
188.009 4080
188.011 4420
188.014 4760
188.016 5100
188.017 5440
188.019 1360
188.208 1700
188.208 1768
188.401 1833
188.594 1896
188.597 1956
188.786 2015
188.789 2072
188.978 2127
188.981 2181
188.984 2234
189.172 2285
189.175 2335
189.178 2384
189.365 2432
189.368 2479
189.372 2525
189.557 2570
189.561 2614
189.564 2658
189.751 2701
189.756 2701
189.756 2040
189.758 2380
189.943 2720
189.945 3060
189.947 3400
189.948 680
190.14 1020
190.14 1133
190.334 1235
190.526 1328
190.718 1415
190.91 1496
190.914 1573
191.104 1646
191.107 1716
191.298 1783
191.301 1847
191.49 1909
191.493 1969
191.682 2027
191.685 2084
191.874 2139
191.877 2193
191.881 2245
192.068 2296
192.071 2346
192.074 2395
192.262 2443
192.265 2490
192.27 2536
192.457 2040
192.459 2380
192.462 2720
192.648 3060
192.649 340
193.041 680
193.235 1020
193.235 1133
193.429 1235
193.621 1328
193.813 1415
194.005 1496
194.008 1573
194.199 1646
194.202 1716
194.393 1783
194.397 1847
194.59 1847
194.59 1700
194.777 2040
194.779 2380
194.782 340
195.174 680
195.368 850
195.561 986
195.755 1103
195.949 1207
196.141 1302
196.333 1390
196.525 1473
196.528 1551
196.719 1625
196.722 1696
196.913 1764
196.916 1829
197.106 1892
197.11 1953
197.299 2012
197.302 2069
197.491 2124
197.494 2178
197.497 2231
197.684 2282
197.688 2332
197.691 2381
197.878 2429
197.881 2476
197.885 2522
198.07 2567
198.073 2612
198.077 2656
198.262 2699
198.266 2741
198.269 2783
198.455 2824
198.461 2864
198.464 2904
198.655 2904
198.655 2210
198.656 2550
198.659 2890
198.661 3230
198.841 3570
198.845 3910
198.847 2210
198.847 2550
199.037 2890
199.039 1020
199.23 1360
199.23 1445
199.422 1525
199.425 1600
199.615 1672
199.619 1741
199.809 1807
199.812 1870
200.001 1931
200.004 1990
